\BOOKMARK [1][-]{section.1}{\376\377\000I\000n\000t\000r\000o\000d\000u\000c\000t\000i\000o\000n}{}% 1
\BOOKMARK [2][-]{subsection.1.1}{\376\377\000P\000r\000o\000b\000l\000e\000m\000\040\000s\000t\000a\000t\000e\000m\000e\000n\000t}{section.1}% 2
\BOOKMARK [2][-]{subsection.1.2}{\376\377\000O\000b\000j\000e\000c\000t\000i\000v\000e\000s\000\040\000a\000n\000d\000\040\000o\000u\000t\000l\000i\000n\000e\000\040\000o\000f\000\040\000t\000h\000e\000\040\000a\000r\000t\000i\000c\000l\000e}{section.1}% 3
\BOOKMARK [1][-]{section.2}{\376\377\000D\000e\000s\000c\000r\000i\000p\000t\000i\000o\000n\000\040\000o\000f\000\040\000t\000h\000e\000\040\0003\000D\000\040\000f\000r\000i\000c\000t\000i\000o\000n\000a\000l\000\040\000c\000o\000n\000t\000a\000c\000t\000\040\000p\000r\000o\000b\000l\000e\000m\000s}{}% 4
\BOOKMARK [2][-]{subsection.2.1}{\376\377\000S\000i\000g\000n\000o\000r\000i\000n\000i\000'\000s\000\040\000c\000o\000n\000d\000i\000t\000i\000o\000n\000\040\000a\000n\000d\000\040\000C\000o\000u\000l\000o\000m\000b\000'\000s\000\040\000f\000r\000i\000c\000t\000i\000o\000n\000.}{section.2}% 5
\BOOKMARK [2][-]{subsection.2.2}{\376\377\000F\000r\000i\000c\000t\000i\000o\000n\000a\000l\000\040\000c\000o\000n\000t\000a\000c\000t\000\040\000d\000i\000s\000c\000r\000e\000t\000e\000\040\000p\000r\000o\000b\000l\000e\000m\000s}{section.2}% 6
\BOOKMARK [2][-]{subsection.2.3}{\376\377\000E\000x\000i\000s\000t\000e\000n\000c\000e\000\040\000o\000f\000\040\000s\000o\000l\000u\000t\000i\000o\000n\000s}{section.2}% 7
\BOOKMARK [1][-]{section.3}{\376\377\000A\000l\000t\000e\000r\000n\000a\000t\000i\000v\000e\000\040\000f\000o\000r\000m\000u\000l\000a\000t\000i\000o\000n\000s}{}% 8
\BOOKMARK [2][-]{subsection.3.1}{\376\377\000V\000a\000r\000i\000a\000t\000i\000o\000n\000a\000l\000\040\000I\000n\000e\000q\000u\000a\000l\000i\000t\000i\000e\000s\000\040\000\050\000V\000I\000\051\000\040\000f\000o\000r\000m\000u\000l\000a\000t\000i\000o\000n\000s}{section.3}% 9
\BOOKMARK [2][-]{subsection.3.2}{\376\377\000Q\000u\000a\000s\000i\000-\000V\000a\000r\000i\000a\000t\000i\000o\000n\000a\000l\000\040\000I\000n\000e\000q\000u\000a\000l\000i\000t\000i\000e\000s\000\040\000\050\000Q\000V\000I\000\051}{section.3}% 10
\BOOKMARK [2][-]{subsection.3.3}{\376\377\000N\000o\000n\000s\000m\000o\000o\000t\000h\000\040\000E\000q\000u\000a\000t\000i\000o\000n\000s}{section.3}% 11
\BOOKMARK [2][-]{subsection.3.4}{\376\377\000O\000p\000t\000i\000m\000i\000z\000a\000t\000i\000o\000n\000\040\000p\000r\000o\000b\000l\000e\000m\000s}{section.3}% 12
\BOOKMARK [1][-]{section.4}{\376\377\000N\000u\000m\000e\000r\000i\000c\000a\000l\000\040\000m\000e\000t\000h\000o\000d\000s\000\040\000f\000o\000r\000\040\000V\000I\000s}{}% 13
\BOOKMARK [2][-]{subsection.4.1}{\376\377\000F\000i\000x\000e\000d\000\040\000p\000o\000i\000n\000t\000\040\000a\000n\000d\000\040\000p\000r\000o\000j\000e\000c\000t\000i\000o\000n\000\040\000m\000e\000t\000h\000o\000d\000s\000\040\000f\000o\000r\000\040\000V\000I}{section.4}% 14
\BOOKMARK [2][-]{subsection.4.2}{\376\377\000S\000e\000l\000f\000-\000a\000d\000a\000p\000t\000i\000v\000e\000\040\000s\000t\000e\000p\000-\000s\000i\000z\000e\000\040\000r\000u\000l\000e\000s}{section.4}% 15
\BOOKMARK [2][-]{subsection.4.3}{\376\377\000N\000o\000m\000e\000n\000c\000l\000a\000t\000u\000r\000e}{section.4}% 16
\BOOKMARK [1][-]{section.5}{\376\377\000N\000e\000w\000t\000o\000n\000\040\000b\000a\000s\000e\000d\000\040\000m\000e\000t\000h\000o\000d\000s}{}% 17
\BOOKMARK [2][-]{subsection.5.1}{\376\377\000P\000r\000i\000n\000c\000i\000p\000l\000e\000\040\000o\000f\000\040\000t\000h\000e\000\040\000n\000o\000n\000s\000m\000o\000o\000t\000h\000\040\000N\000e\000w\000t\000o\000n\000\040\000m\000e\000t\000h\000o\000d\000s}{section.5}% 18
\BOOKMARK [2][-]{subsection.5.2}{\376\377\000A\000p\000p\000l\000i\000c\000a\000t\000i\000o\000n\000\040\000t\000o\000\040\000t\000h\000e\000\040\000d\000i\000s\000c\000r\000e\000t\000e\000\040\000f\000r\000i\000c\000t\000i\000o\000n\000a\000l\000\040\000c\000o\000n\000t\000a\000c\000t\000\040\000p\000r\000o\000b\000l\000e\000m}{section.5}% 19
\BOOKMARK [2][-]{subsection.5.3}{\376\377\000C\000o\000n\000v\000e\000r\000g\000e\000n\000c\000e\000\040\000a\000n\000d\000\040\000r\000o\000b\000u\000s\000t\000n\000e\000s\000s\000\040\000i\000s\000s\000u\000e\000s\000.}{section.5}% 20
\BOOKMARK [2][-]{subsection.5.4}{\376\377\000E\000s\000t\000i\000m\000a\000t\000i\000o\000n\000\040\000o\000f\000\040\000,\000\040\000N\000,\000\040\000T\000\040\000p\000a\000r\000a\000m\000e\000t\000e\000r\000s}{section.5}% 21
\BOOKMARK [2][-]{subsection.5.5}{\376\377\000D\000a\000m\000p\000e\000d\000\040\000N\000e\000w\000t\000o\000n\000\040\000a\000n\000d\000\040\000l\000i\000n\000e\000-\000s\000e\000a\000r\000c\000h\000\040\000p\000r\000o\000c\000e\000d\000u\000r\000e\000s}{section.5}% 22
\BOOKMARK [2][-]{subsection.5.6}{\376\377\000N\000o\000m\000e\000n\000c\000l\000a\000t\000u\000r\000e}{section.5}% 23
\BOOKMARK [1][-]{section.6}{\376\377\000S\000p\000l\000i\000t\000t\000i\000n\000g\000\040\000t\000e\000c\000h\000n\000i\000q\000u\000e\000s\000\040\000a\000n\000d\000\040\000p\000r\000o\000x\000i\000m\000a\000l\000\040\000p\000o\000i\000n\000t\000\040\000a\000l\000g\000o\000r\000i\000t\000h\000m}{}% 24
\BOOKMARK [2][-]{subsection.6.1}{\376\377\000S\000p\000l\000i\000t\000t\000i\000n\000g\000\040\000t\000e\000c\000h\000n\000i\000q\000u\000e\000s}{section.6}% 25
\BOOKMARK [2][-]{subsection.6.2}{\376\377\000P\000r\000o\000x\000i\000m\000a\000l\000\040\000p\000o\000i\000n\000t\000s\000\040\000t\000e\000c\000h\000n\000i\000q\000u\000e\000s}{section.6}% 26
\BOOKMARK [2][-]{subsection.6.3}{\376\377\000C\000o\000n\000t\000r\000o\000l\000\040\000o\000f\000\040\000t\000h\000e\000\040\000t\000o\000l\000e\000r\000a\000n\000c\000e\000\040\000o\000f\000\040\000i\000n\000t\000e\000r\000n\000a\000l\000\040\000s\000o\000l\000v\000e\000r\000s\000\040\000t\000o\000l\000i\000n\000t\000\040\000a\000n\000d\000\040\000t\000o\000l\000l\000o\000c\000a\000l\000\040\000i\000n\000\040\000t\000h\000e\000\040\000s\000p\000l\000i\000t\000t\000i\000n\000g\000\040\000a\000n\000d\000\040\000p\000r\000o\000x\000i\000m\000a\000l\000\040\000a\000p\000p\000r\000o\000a\000c\000h\000e\000s}{section.6}% 27
\BOOKMARK [2][-]{subsection.6.4}{\376\377\000N\000o\000m\000e\000n\000c\000l\000a\000t\000u\000r\000e}{section.6}% 28
\BOOKMARK [1][-]{section.7}{\376\377\000O\000p\000t\000i\000m\000i\000z\000a\000t\000i\000o\000n\000\040\000b\000a\000s\000e\000d\000\040\000m\000e\000t\000h\000o\000d\000s}{}% 29
\BOOKMARK [2][-]{subsection.7.1}{\376\377\000A\000l\000t\000e\000r\000n\000a\000t\000i\000n\000g\000\040\000o\000p\000t\000i\000m\000i\000z\000a\000t\000i\000o\000n\000\040\000p\000r\000o\000b\000l\000e\000m}{section.7}% 30
\BOOKMARK [2][-]{subsection.7.2}{\376\377\000S\000u\000c\000c\000e\000s\000s\000i\000v\000e\000\040\000a\000p\000p\000r\000o\000x\000i\000m\000a\000t\000i\000o\000n\000\040\000m\000e\000t\000h\000o\000d}{section.7}% 31
\BOOKMARK [2][-]{subsection.7.3}{\376\377\000A\000C\000L\000M\000\040\000a\000p\000p\000r\000o\000a\000c\000h}{section.7}% 32
\BOOKMARK [2][-]{subsection.7.4}{\376\377\000C\000o\000n\000v\000e\000x\000\040\000r\000e\000l\000a\000x\000a\000t\000i\000o\000n\000\040\000a\000n\000d\000\040\000t\000h\000e\000\040\000S\000O\000C\000C\000P\000\040\000a\000p\000p\000r\000o\000a\000c\000h}{section.7}% 33
\BOOKMARK [2][-]{subsection.7.5}{\376\377\000C\000o\000n\000t\000r\000o\000l\000\040\000o\000f\000\040\000t\000h\000e\000\040\000t\000o\000l\000e\000r\000a\000n\000c\000e\000\040\000o\000f\000\040\000i\000n\000t\000e\000r\000n\000a\000l\000\040\000s\000o\000l\000v\000e\000r\000s\000\040\000t\000o\000l\000i\000n\000t\000\040\000i\000n\000\040\000o\000p\000t\000i\000m\000i\000z\000a\000t\000i\000o\000n\000\040\000a\000p\000p\000r\000o\000a\000c\000h}{section.7}% 34
\BOOKMARK [1][-]{section.8}{\376\377\000C\000o\000m\000p\000a\000r\000i\000s\000o\000n\000\040\000f\000r\000a\000m\000e\000w\000o\000r\000k}{}% 35
\BOOKMARK [2][-]{subsection.8.1}{\376\377\000M\000e\000a\000s\000u\000r\000i\000n\000g\000\040\000e\000r\000r\000o\000r\000s}{section.8}% 36
\BOOKMARK [2][-]{subsection.8.2}{\376\377\000P\000e\000r\000f\000o\000r\000m\000a\000n\000c\000e\000\040\000p\000r\000o\000f\000i\000l\000e\000s}{section.8}% 37
\BOOKMARK [2][-]{subsection.8.3}{\376\377\000B\000e\000n\000c\000h\000m\000a\000r\000k\000s\000\040\000p\000r\000e\000s\000e\000n\000t\000a\000t\000i\000o\000n}{section.8}% 38
\BOOKMARK [2][-]{subsection.8.4}{\376\377\000S\000o\000f\000w\000a\000r\000e\000\040\000\046\000\040\000i\000m\000p\000l\000e\000m\000e\000n\000t\000a\000t\000i\000o\000n\000\040\000d\000e\000t\000a\000i\000l\000s}{section.8}% 39
\BOOKMARK [2][-]{subsection.8.5}{\376\377\000S\000i\000m\000u\000l\000a\000t\000i\000o\000n\000\040\000c\000a\000m\000p\000a\000i\000g\000n}{section.8}% 40
\BOOKMARK [1][-]{section.9}{\376\377\000C\000o\000m\000p\000a\000r\000i\000s\000o\000n\000\040\000o\000f\000\040\000m\000e\000t\000h\000o\000d\000s\000\040\000b\000y\000\040\000f\000a\000m\000i\000l\000y}{}% 41
\BOOKMARK [2][-]{subsection.9.1}{\376\377\000N\000u\000m\000e\000r\000i\000c\000a\000l\000\040\000m\000e\000t\000h\000o\000d\000s\000\040\000f\000o\000r\000\040\000V\000I\000:\000\040\000F\000P\000-\000D\000S\000,\000\040\000F\000P\000-\000V\000I\000-\000\040\000a\000n\000d\000\040\000F\000P\000-\000E\000G\000-}{section.9}% 42
\BOOKMARK [2][-]{subsection.9.2}{\376\377\000S\000p\000l\000i\000t\000t\000i\000n\000g\000\040\000b\000a\000s\000e\000d\000\040\000a\000l\000g\000o\000r\000i\000t\000h\000m\000s\000:\000\040\000N\000S\000G\000S\000-\000\040\000a\000n\000d\000\040\000P\000S\000O\000R\000-}{section.9}% 43
\BOOKMARK [2][-]{subsection.9.3}{\376\377\000C\000o\000m\000p\000a\000r\000i\000s\000o\000n\000\040\000o\000f\000\040\000N\000S\000N\000-\000\040\000a\000l\000g\000o\000r\000i\000t\000h\000m\000s}{section.9}% 44
\BOOKMARK [2][-]{subsection.9.4}{\376\377\000C\000o\000m\000p\000a\000r\000i\000s\000o\000n\000\040\000o\000f\000\040\000P\000P\000A\000-\000N\000S\000N\000-\000A\000C\000\040\000a\000l\000g\000o\000r\000i\000t\000h\000m\000\040\000w\000i\000t\000h\000\040\000r\000e\000s\000p\000e\000c\000t\000\040\000t\000o\000\040\000t\000h\000e\000\040\000s\000t\000e\000p\000-\000s\000i\000z\000e\000\040\000p\000a\000r\000a\000m\000e\000t\000e\000r\000\040\000,\000\040}{section.9}% 45
\BOOKMARK [1][-]{section.10}{\376\377\000C\000o\000m\000p\000a\000r\000i\000s\000o\000n\000\040\000o\000f\000\040\000d\000i\000f\000f\000e\000r\000e\000n\000t\000\040\000f\000a\000m\000i\000l\000i\000e\000s\000\040\000o\000f\000\040\000s\000o\000l\000v\000e\000r\000s\000.}{}% 46
\BOOKMARK [1][-]{section.11}{\376\377\000G\000e\000n\000e\000r\000a\000l\000\040\000c\000o\000n\000c\000l\000u\000s\000i\000o\000n\000s}{}% 47
\BOOKMARK [1][-]{Item.27}{\376\377\000R\000e\000f\000e\000r\000e\000n\000c\000e\000s}{}% 48
\BOOKMARK [1][-]{appendix.A}{\376\377\000B\000a\000s\000i\000c\000s\000\040\000i\000n\000\040\000C\000o\000n\000v\000e\000x\000\040\000A\000n\000a\000l\000y\000s\000i\000s}{}% 49
\BOOKMARK [2][-]{subsection.A.1}{\376\377\000E\000u\000c\000l\000i\000d\000e\000a\000n\000\040\000p\000r\000o\000j\000e\000c\000t\000i\000o\000n\000\040\000o\000n\000\040\000t\000h\000e\000\040\000d\000i\000s\000k\000\040\000i\000n\000\040\000I\000R\0002\000.}{appendix.A}% 50
\BOOKMARK [2][-]{subsection.A.2}{\376\377\000E\000u\000c\000l\000i\000d\000e\000a\000n\000\040\000p\000r\000o\000j\000e\000c\000t\000i\000o\000n\000\040\000o\000n\000\040\000t\000h\000e\000\040\000s\000e\000c\000o\000n\000d\000\040\000o\000r\000d\000e\000r\000\040\000c\000o\000n\000e\000\040\000o\000f\000\040\000I\000R\0003\000.}{appendix.A}% 51
\BOOKMARK [1][-]{appendix.B}{\376\377\000C\000o\000m\000p\000u\000t\000a\000t\000i\000o\000n\000\040\000o\000f\000\040\000G\000e\000n\000e\000r\000a\000l\000i\000z\000e\000d\000\040\000J\000a\000c\000o\000b\000i\000a\000n\000s\000\040\000f\000o\000r\000\040\000N\000o\000n\000s\000m\000o\000o\000t\000h\000\040\000N\000e\000w\000t\000o\000n\000\040\000m\000e\000t\000h\000o\000d\000s}{}% 52
\BOOKMARK [2][-]{subsection.B.1}{\376\377\000C\000o\000m\000p\000u\000t\000a\000t\000i\000o\000n\000\040\000o\000f\000\040\000c\000o\000m\000p\000o\000n\000e\000n\000t\000s\000\040\000o\000f\000\040\000s\000u\000b\000g\000r\000a\000d\000i\000e\000n\000t\000\040\000o\000f\000\040\000F\000v\000i\000n\000a\000t}{appendix.B}% 53
\BOOKMARK [2][-]{subsection.B.2}{\376\377\000A\000l\000a\000r\000t\040\023\000C\000u\000r\000n\000i\000e\000r\000\040\000f\000u\000n\000c\000t\000i\000o\000n\000\040\000a\000n\000d\000\040\000i\000t\000s\000\040\000v\000a\000r\000i\000a\000n\000t\000s}{appendix.B}% 54
\BOOKMARK [2][-]{subsection.B.3}{\376\377\000F\000i\000s\000c\000h\000e\000r\000-\000B\000u\000r\000m\000e\000i\000s\000t\000e\000r\000\040\000f\000u\000n\000c\000t\000i\000o\000n}{appendix.B}% 55
